<?xml version="1.0" encoding="utf-8"?><testsuites><testsuite errors="0" failures="0" hostname="HFCK46-IND-LT" name="pytest" skipped="1" tests="5" time="0.349" timestamp="2020-04-11T00:30:23.825657"><testcase classname="test_employee" file="test_employee.py" line="22" name="test_email" time="0.000"></testcase><testcase classname="test_employee" file="test_employee.py" line="30" name="test_fullname" time="0.001"></testcase><testcase classname="test_employee" file="test_employee.py" line="38" name="test_apply_raise[emp0-52500]" time="0.002"></testcase><testcase classname="test_employee" file="test_employee.py" line="38" name="test_apply_raise[emp1-63000]" time="0.002"></testcase><testcase classname="test_employee" file="test_employee.py" line="44" name="test_future" time="0.001"><skipped message="unconditional skip" type="pytest.skip">test_employee.py:45: unconditional skip</skipped></testcase></testsuite></testsuites>